<?xml version="1.0" encoding="UTF-8"?>
<!-- Generated by org.testng.reporters.JUnitReportReporter -->
<testsuite hostname="Mikhails-MacBook-Pro.local" name="newGroup.myGroup.App" tests="1" failures="0" timestamp="16 Mar 2014 18:39:57 GMT" time="6.961" errors="0">
  <testcase name="testChangingServer" time="6.961" classname="newGroup.myGroup.App"/>
</testsuite> <!-- newGroup.myGroup.App -->
